This is XeTeX, Version 3.14159265-2.6-0.99991 (TeX Live 2014) (preloaded format=xelatex 2014.5.25)  28 SEP 2019 19:35
entering extended mode
 restricted \write18 enabled.
 %&-line parsing enabled.
**"/Users/ronak/Documents/Tex Docs/Deedy-Resume/MacFonts/deedy_resume.xtx"
(/Users/ronak/Documents/Tex Docs/Deedy-Resume/MacFonts/deedy_resume.xtx
LaTeX2e <2014/05/01>
Babel <3.9k> and hyphenation patterns for 78 languages loaded.

! LaTeX Error: File `deedy-resume.cls' not found.

Type X to quit or <RETURN> to proceed,
or enter new name. (Default extension: cls)

Enter file name: X

 )
(\end occurred when \ifx on line 49 was incomplete)
(\end occurred when \ifx on line 49 was incomplete) 
Here is how much of TeX's memory you used:
 11 strings out of 493734
 303 string characters out of 6146348
 52937 words of memory out of 5000000
 3431 multiletter control sequences out of 15000+600000
 3640 words of font info for 14 fonts, out of 8000000 for 9000
 1328 hyphenation exceptions out of 8191
 10i,0n,7p,155b,8s stack positions out of 5000i,500n,10000p,200000b,80000s

No pages of output.
